Using pre-set license
Built from '2020.3/staging' branch; Version is '2020.3.16f1 (049d6eca3c44) revision 302446'; Using compiler version '192528614'; Build Type 'Release'
OS: 'Windows 10 Education; OS build 19043.1165; Version 2009; 64bit' Language: 'en' Physical Memory: 16221 MB
BatchMode: 1, IsHumanControllingUs: 0, StartBugReporterOnCrash: 0, Is64bit: 1, IsPro: 0

 COMMAND LINE ARGUMENTS:
C:\Program Files\Unity\Hub\Editor\2020.3.16f1\Editor\Unity.exe
-adb2
-batchMode
-noUpm
-name
AssetImportWorker0
-projectPath
C:/Kiyoshi/MazeAlgorithms
-logFile
Logs/AssetImportWorker0.log
-srvPort
55741
Successfully changed project path to: C:/Kiyoshi/MazeAlgorithms
C:/Kiyoshi/MazeAlgorithms
Using Asset Import Pipeline V2.
Refreshing native plugins compatible for Editor in 26.98 ms, found 3 plugins.
Preloading 0 native plugins for Editor in 0.00 ms.
Initialize engine version: 2020.3.16f1 (049d6eca3c44)
[Subsystems] Discovering subsystems at path C:/Program Files/Unity/Hub/Editor/2020.3.16f1/Editor/Data/Resources/UnitySubsystems
[Subsystems] Discovering subsystems at path C:/Kiyoshi/MazeAlgorithms/Assets
GfxDevice: creating device client; threaded=0
Direct3D:
    Version:  Direct3D 11.0 [level 11.1]
    Renderer: NVIDIA GeForce RTX 3060 (ID=0x2504)
    Vendor:   
    VRAM:     12143 MB
    Driver:   30.0.14.7212
Initialize mono
Mono path[0] = 'C:/Program Files/Unity/Hub/Editor/2020.3.16f1/Editor/Data/Managed'
Mono path[1] = 'C:/Program Files/Unity/Hub/Editor/2020.3.16f1/Editor/Data/MonoBleedingEdge/lib/mono/unityjit'
Mono config path = 'C:/Program Files/Unity/Hub/Editor/2020.3.16f1/Editor/Data/MonoBleedingEdge/etc'
Using monoOptions --debugger-agent=transport=dt_socket,embedding=1,server=y,suspend=n,address=127.0.0.1:56392
Begin MonoManager ReloadAssembly
Registering precompiled unity dll's ...
Register platform support module: C:/Program Files/Unity/Hub/Editor/2020.3.16f1/Editor/Data/PlaybackEngines/WindowsStandaloneSupport/UnityEditor.WindowsStandalone.Extensions.dll
Registered in 0.001118 seconds.
Native extension for WindowsStandalone target not found
Refreshing native plugins compatible for Editor in 27.01 ms, found 3 plugins.
Preloading 0 native plugins for Editor in 0.00 ms.
Mono: successfully reloaded assembly
- Completed reload, in  1.217 seconds
Domain Reload Profiling:
	ReloadAssembly (1217ms)
		BeginReloadAssembly (35ms)
			ExecutionOrderSort (0ms)
			DisableScriptedObjects (0ms)
			BackupInstance (0ms)
			ReleaseScriptingObjects (0ms)
			CreateAndSetChildDomain (1ms)
		EndReloadAssembly (270ms)
			LoadAssemblies (34ms)
			RebuildTransferFunctionScriptingTraits (0ms)
			SetupTypeCache (87ms)
			ReleaseScriptCaches (0ms)
			RebuildScriptCaches (23ms)
			SetupLoadedEditorAssemblies (111ms)
				LogAssemblyErrors (0ms)
				InitializePlatformSupportModulesInManaged (3ms)
				SetLoadedEditorAssemblies (0ms)
				RefreshPlugins (27ms)
				BeforeProcessingInitializeOnLoad (9ms)
				ProcessInitializeOnLoadAttributes (54ms)
				ProcessInitializeOnLoadMethodAttributes (18ms)
				AfterProcessingInitializeOnLoad (0ms)
				EditorAssembliesLoaded (0ms)
			ExecutionOrderSort2 (0ms)
			AwakeInstancesAfterBackupRestoration (0ms)
Platform modules already initialized, skipping
Registering precompiled user dll's ...
Registered in 0.002432 seconds.
Begin MonoManager ReloadAssembly
Native extension for WindowsStandalone target not found
Refreshing native plugins compatible for Editor in 27.06 ms, found 3 plugins.
Preloading 0 native plugins for Editor in 0.00 ms.
Mono: successfully reloaded assembly
- Completed reload, in  0.766 seconds
Domain Reload Profiling:
	ReloadAssembly (766ms)
		BeginReloadAssembly (91ms)
			ExecutionOrderSort (0ms)
			DisableScriptedObjects (3ms)
			BackupInstance (0ms)
			ReleaseScriptingObjects (0ms)
			CreateAndSetChildDomain (13ms)
		EndReloadAssembly (637ms)
			LoadAssemblies (59ms)
			RebuildTransferFunctionScriptingTraits (0ms)
			SetupTypeCache (171ms)
			ReleaseScriptCaches (0ms)
			RebuildScriptCaches (37ms)
			SetupLoadedEditorAssemblies (291ms)
				LogAssemblyErrors (0ms)
				InitializePlatformSupportModulesInManaged (3ms)
				SetLoadedEditorAssemblies (0ms)
				RefreshPlugins (27ms)
				BeforeProcessingInitializeOnLoad (54ms)
				ProcessInitializeOnLoadAttributes (194ms)
				ProcessInitializeOnLoadMethodAttributes (9ms)
				AfterProcessingInitializeOnLoad (4ms)
				EditorAssembliesLoaded (0ms)
			ExecutionOrderSort2 (0ms)
			AwakeInstancesAfterBackupRestoration (4ms)
Platform modules already initialized, skipping
========================================================================
Worker process is ready to serve import requests
Launched and connected shader compiler UnityShaderCompiler.exe after 0.03 seconds
Refreshing native plugins compatible for Editor in 0.33 ms, found 3 plugins.
Preloading 0 native plugins for Editor in 0.00 ms.
Unloading 2137 Unused Serialized files (Serialized files now loaded: 0)
System memory in use before: 94.2 MB.
System memory in use after: 94.3 MB.

Unloading 28 unused Assets to reduce memory usage. Loaded Objects now: 2574.
Total: 1.979900 ms (FindLiveObjects: 0.126500 ms CreateObjectMapping: 0.042100 ms MarkObjects: 1.762900 ms  DeleteObjects: 0.047800 ms)

AssetImportParameters requested are different than current active one (requested -> active):
  custom:framework-win-MediaFoundation: 216162199b28c13a410421893ffa2e32 -> 
  custom:video-decoder-ogg-theora: a1e56fd34408186e4bbccfd4996cb3dc -> 
  custom:container-muxer-webm: aa71ff27fc2769a1b78a27578f13a17b -> 
  custom:container-demuxer-webm: 4f35f7cbe854078d1ac9338744f61a02 -> 
  custom:container-demuxer-ogg: 62fdf1f143b41e24485cea50d1cbac27 -> 
  custom:video-encoder-webm-vp8: eb34c28f22e8b96e1ab97ce403110664 -> 
  custom:video-decoder-webm-vp8: 9c59270c3fd7afecdb556c50c9e8de78 -> 
  custom:audio-decoder-ogg-vorbis: bf7c407c2cedff20999df2af8eb42d56 -> 
  custom:audio-encoder-webm-vorbis: bf7c407c2cedff20999df2af8eb42d56 -> 
========================================================================
Received Import Request.
  path: Assets/Scenes/FreeplaySettings.lighting
  artifactKey: Guid(77a5a23cd1a26da4290fb63ab4f7a1a1) Importer(815301076,1909f56bfc062723c751e8b465ee728b)
Start importing Assets/Scenes/FreeplaySettings.lighting using Guid(77a5a23cd1a26da4290fb63ab4f7a1a1) Importer(815301076,1909f56bfc062723c751e8b465ee728b) LightingSettings: switching bake backend from 1 to 0.
 -> (artifact id: 'd4a9f93a7f53ab1d948d249b46528f0a') in 0.024886 seconds 
  Import took 0.027123 seconds .

========================================================================
Received Import Request.
  Time since last request: 0.000307 seconds.
  path: Assets/_Code
  artifactKey: Guid(d854a7249bf79e9469c28134e3bf8097) Importer(815301076,1909f56bfc062723c751e8b465ee728b)
Start importing Assets/_Code using Guid(d854a7249bf79e9469c28134e3bf8097) Importer(815301076,1909f56bfc062723c751e8b465ee728b)  -> (artifact id: 'c1858d1f9b77551e41cc30684e485836') in 0.005758 seconds 
  Import took 0.007957 seconds .

========================================================================
Received Import Request.
  Time since last request: 0.000270 seconds.
  path: Assets/_Scriptables
  artifactKey: Guid(1e318cd894ccd9d458eff41da869effb) Importer(815301076,1909f56bfc062723c751e8b465ee728b)
Start importing Assets/_Scriptables using Guid(1e318cd894ccd9d458eff41da869effb) Importer(815301076,1909f56bfc062723c751e8b465ee728b)  -> (artifact id: 'e3415c6dd5d586db9567306f554adc23') in 0.006151 seconds 
  Import took 0.008482 seconds .

========================================================================
Received Import Request.
  Time since last request: 0.000270 seconds.
  path: Assets/Materials
  artifactKey: Guid(61c2e7f2eaaa6b34fb97b27233d28f0b) Importer(815301076,1909f56bfc062723c751e8b465ee728b)
Start importing Assets/Materials using Guid(61c2e7f2eaaa6b34fb97b27233d28f0b) Importer(815301076,1909f56bfc062723c751e8b465ee728b)  -> (artifact id: '1ba4f82dfb0dfe0d95cf97c54343c09c') in 0.005514 seconds 
  Import took 0.007755 seconds .

========================================================================
Received Import Request.
  Time since last request: 0.000209 seconds.
  path: Assets/Scenes/Scene_Freeplay.unity
  artifactKey: Guid(0fbf846ca8bddb147bc42692cc046d05) Importer(815301076,1909f56bfc062723c751e8b465ee728b)
Start importing Assets/Scenes/Scene_Freeplay.unity using Guid(0fbf846ca8bddb147bc42692cc046d05) Importer(815301076,1909f56bfc062723c751e8b465ee728b)  -> (artifact id: 'd444ba8a344a24a0a32e50177b7b0701') in 0.005632 seconds 
  Import took 0.008498 seconds .

========================================================================
Received Import Request.
  Time since last request: 0.000159 seconds.
  path: Assets/Animations
  artifactKey: Guid(87618f12397cbaa4fb818e0016871f07) Importer(815301076,1909f56bfc062723c751e8b465ee728b)
Start importing Assets/Animations using Guid(87618f12397cbaa4fb818e0016871f07) Importer(815301076,1909f56bfc062723c751e8b465ee728b)  -> (artifact id: '1edbdee49c719a3e997a648ca3e99bae') in 0.005347 seconds 
  Import took 0.007578 seconds .

========================================================================
Received Import Request.
  Time since last request: 0.000154 seconds.
  path: Assets/Editor
  artifactKey: Guid(080cb82e042d66449b472ce5c5baa747) Importer(815301076,1909f56bfc062723c751e8b465ee728b)
Start importing Assets/Editor using Guid(080cb82e042d66449b472ce5c5baa747) Importer(815301076,1909f56bfc062723c751e8b465ee728b)  -> (artifact id: '4d4eae768987611c112bcaca65f92251') in 0.005425 seconds 
  Import took 0.007896 seconds .

========================================================================
Received Import Request.
  Time since last request: 0.000162 seconds.
  path: Assets/Prefabs
  artifactKey: Guid(6cc3c8a385714fc438bb1cbfef5ece72) Importer(815301076,1909f56bfc062723c751e8b465ee728b)
Start importing Assets/Prefabs using Guid(6cc3c8a385714fc438bb1cbfef5ece72) Importer(815301076,1909f56bfc062723c751e8b465ee728b)  -> (artifact id: '71b8e4ff4edad1759956ed5070f87640') in 0.005319 seconds 
  Import took 0.007496 seconds .

========================================================================
Received Import Request.
  Time since last request: 2.043596 seconds.
  path: Assets/_Code/_Shaders
  artifactKey: Guid(4f4b5dce63663b745b8573bc70152cf0) Importer(815301076,1909f56bfc062723c751e8b465ee728b)
Start importing Assets/_Code/_Shaders using Guid(4f4b5dce63663b745b8573bc70152cf0) Importer(815301076,1909f56bfc062723c751e8b465ee728b)  -> (artifact id: '7359102c033e777ea085f206025d8ff7') in 0.005474 seconds 
  Import took 0.007740 seconds .

========================================================================
Received Import Request.
  Time since last request: 3.140780 seconds.
  path: Assets/_Code/ConcreteGridGenerators
  artifactKey: Guid(1b82c68097b7f8b40b6c2fd6bcda6f6d) Importer(815301076,1909f56bfc062723c751e8b465ee728b)
Start importing Assets/_Code/ConcreteGridGenerators using Guid(1b82c68097b7f8b40b6c2fd6bcda6f6d) Importer(815301076,1909f56bfc062723c751e8b465ee728b)  -> (artifact id: '54b5fb716d4c7a09fdb8d9ee1a39e174') in 0.007026 seconds 
  Import took 0.009341 seconds .

========================================================================
Received Import Request.
  Time since last request: 2.126420 seconds.
  path: Assets/_Code/ConcreteGridGenerators/MazeGenerator.cs
  artifactKey: Guid(045929c0faf924a4784dff7f6d1c06a6) Importer(815301076,1909f56bfc062723c751e8b465ee728b)
Start importing Assets/_Code/ConcreteGridGenerators/MazeGenerator.cs using Guid(045929c0faf924a4784dff7f6d1c06a6) Importer(815301076,1909f56bfc062723c751e8b465ee728b)  -> (artifact id: 'ec7c09acc0f3bce4591bb1cb0d472c19') in 0.007232 seconds 
  Import took 0.011510 seconds .

========================================================================
Received Import Request.
  Time since last request: 0.020086 seconds.
  path: Assets/_Code/ConcreteGridGenerators/MazeGenerator.cs
  artifactKey: Guid(045929c0faf924a4784dff7f6d1c06a6) Importer(815301076,1909f56bfc062723c751e8b465ee728b)
Start importing Assets/_Code/ConcreteGridGenerators/MazeGenerator.cs using Guid(045929c0faf924a4784dff7f6d1c06a6) Importer(815301076,1909f56bfc062723c751e8b465ee728b)  -> (artifact id: 'ec7c09acc0f3bce4591bb1cb0d472c19') in 0.002426 seconds 
  Import took 0.004863 seconds .

========================================================================
Received Import Request.
  Time since last request: 0.207890 seconds.
  path: Assets/_Code/Juice
  artifactKey: Guid(a186ecdfc815bf84ebefe9084c7e4eb5) Importer(815301076,1909f56bfc062723c751e8b465ee728b)
Start importing Assets/_Code/Juice using Guid(a186ecdfc815bf84ebefe9084c7e4eb5) Importer(815301076,1909f56bfc062723c751e8b465ee728b)  -> (artifact id: '42b4e2d1105b1b98a25ba7b30ca27e3c') in 0.005261 seconds 
  Import took 0.007533 seconds .

========================================================================
Received Import Request.
  Time since last request: 10.341548 seconds.
  path: Assets
  artifactKey: Guid(00000000000000001000000000000000) Importer(815301076,1909f56bfc062723c751e8b465ee728b)
Start importing Assets using Guid(00000000000000001000000000000000) Importer(815301076,1909f56bfc062723c751e8b465ee728b)  -> (artifact id: '42d402b061de3733987d63b9cc3b64de') in 0.005391 seconds 
  Import took 0.007747 seconds .

========================================================================
Received Import Request.
  Time since last request: 6.032710 seconds.
  path: Assets/OldReferences
  artifactKey: Guid(7798bcbbacf74b448975f6c16cfe0664) Importer(815301076,1909f56bfc062723c751e8b465ee728b)
Start importing Assets/OldReferences using Guid(7798bcbbacf74b448975f6c16cfe0664) Importer(815301076,1909f56bfc062723c751e8b465ee728b)  -> (artifact id: 'e78e89eaa5598720aa7686ca3da0787b') in 0.005542 seconds 
  Import took 0.008132 seconds .

========================================================================
Received Import Request.
  Time since last request: 1.985713 seconds.
  path: Assets/Sprites
  artifactKey: Guid(7433302bc4b3af444abd2a8868e6a6cd) Importer(815301076,1909f56bfc062723c751e8b465ee728b)
Start importing Assets/Sprites using Guid(7433302bc4b3af444abd2a8868e6a6cd) Importer(815301076,1909f56bfc062723c751e8b465ee728b)  -> (artifact id: '6a63d2930c0abb288e868b9ba9c7d3bf') in 0.005463 seconds 
  Import took 0.007727 seconds .

========================================================================
Received Prepare
Registering precompiled user dll's ...
Registered in 0.002376 seconds.
Begin MonoManager ReloadAssembly
Native extension for WindowsStandalone target not found
Refreshing native plugins compatible for Editor in 0.35 ms, found 3 plugins.
Preloading 0 native plugins for Editor in 0.00 ms.
Mono: successfully reloaded assembly
- Completed reload, in  0.718 seconds
Domain Reload Profiling:
	ReloadAssembly (718ms)
		BeginReloadAssembly (81ms)
			ExecutionOrderSort (0ms)
			DisableScriptedObjects (6ms)
			BackupInstance (0ms)
			ReleaseScriptingObjects (0ms)
			CreateAndSetChildDomain (24ms)
		EndReloadAssembly (596ms)
			LoadAssemblies (60ms)
			RebuildTransferFunctionScriptingTraits (0ms)
			SetupTypeCache (171ms)
			ReleaseScriptCaches (1ms)
			RebuildScriptCaches (32ms)
			SetupLoadedEditorAssemblies (266ms)
				LogAssemblyErrors (0ms)
				InitializePlatformSupportModulesInManaged (4ms)
				SetLoadedEditorAssemblies (0ms)
				RefreshPlugins (0ms)
				BeforeProcessingInitializeOnLoad (72ms)
				ProcessInitializeOnLoadAttributes (181ms)
				ProcessInitializeOnLoadMethodAttributes (4ms)
				AfterProcessingInitializeOnLoad (4ms)
				EditorAssembliesLoaded (0ms)
			ExecutionOrderSort2 (0ms)
			AwakeInstancesAfterBackupRestoration (8ms)
Platform modules already initialized, skipping
Refreshing native plugins compatible for Editor in 0.35 ms, found 3 plugins.
Preloading 0 native plugins for Editor in 0.00 ms.
Unloading 2126 Unused Serialized files (Serialized files now loaded: 0)
System memory in use before: 93.6 MB.
System memory in use after: 93.7 MB.

Unloading 16 unused Assets to reduce memory usage. Loaded Objects now: 2577.
Total: 2.110900 ms (FindLiveObjects: 0.128200 ms CreateObjectMapping: 0.041900 ms MarkObjects: 1.926000 ms  DeleteObjects: 0.014100 ms)

AssetImportParameters requested are different than current active one (requested -> active):
  custom:framework-win-MediaFoundation: 216162199b28c13a410421893ffa2e32 -> 
  custom:video-decoder-ogg-theora: a1e56fd34408186e4bbccfd4996cb3dc -> 
  custom:container-muxer-webm: aa71ff27fc2769a1b78a27578f13a17b -> 
  custom:container-demuxer-webm: 4f35f7cbe854078d1ac9338744f61a02 -> 
  custom:container-demuxer-ogg: 62fdf1f143b41e24485cea50d1cbac27 -> 
  custom:video-encoder-webm-vp8: eb34c28f22e8b96e1ab97ce403110664 -> 
  custom:video-decoder-webm-vp8: 9c59270c3fd7afecdb556c50c9e8de78 -> 
  custom:audio-decoder-ogg-vorbis: bf7c407c2cedff20999df2af8eb42d56 -> 
  custom:audio-encoder-webm-vorbis: bf7c407c2cedff20999df2af8eb42d56 -> 
